<?xml version="1.0" encoding="UTF-8"?>
<testsuite name="is.ru.tictactoe.ComputerPlayerTest" tests="1" skipped="0" failures="0" errors="0" timestamp="2016-10-30T18:17:16" hostname="Pala-Ogn-MacBook-Pro.local" time="0.001">
  <properties/>
  <testcase name="testMakeMove" classname="is.ru.tictactoe.ComputerPlayerTest" time="0.001"/>
  <system-out><![CDATA[]]></system-out>
  <system-err><![CDATA[]]></system-err>
</testsuite>
